<?xml version="1.0" encoding="UTF-8"?>
<testng-results ignored="0" total="1" passed="1" failed="0" skipped="0">
  <reporter-output>
  </reporter-output>
  <suite started-at="2025-09-12T14:47:34 IST" name="Surefire suite" finished-at="2025-09-12T14:47:38 IST" duration-ms="3284">
    <groups>
    </groups>
    <test started-at="2025-09-12T14:47:34 IST" name="Surefire test" finished-at="2025-09-12T14:47:38 IST" duration-ms="3284">
      <class name="TestClass">
        <test-method signature="verifyStatusCode()[pri:0, instance:TestClass@58134517]" started-at="2025-09-12T14:47:34 IST" name="verifyStatusCode" finished-at="2025-09-12T14:47:38 IST" duration-ms="3252" status="PASS">
          <reporter-output>
          </reporter-output>
        </test-method> <!-- verifyStatusCode -->
      </class> <!-- TestClass -->
    </test> <!-- Surefire test -->
  </suite> <!-- Surefire suite -->
</testng-results>
