<?xml version="1.0" encoding="UTF-8"?>
<testng-results ignored="0" total="1" passed="1" failed="0" skipped="0">
  <reporter-output>
  </reporter-output>
  <suite started-at="2025-09-12T14:46:02 IST" name="Default suite" finished-at="2025-09-12T14:46:05 IST" duration-ms="3069">
    <groups>
    </groups>
    <test started-at="2025-09-12T14:46:02 IST" name="Default test" finished-at="2025-09-12T14:46:05 IST" duration-ms="3069">
      <class name="TestClass">
        <test-method signature="verifyStatusCode()[pri:0, instance:TestClass@7ee955a8]" started-at="2025-09-12T14:46:02 IST" name="verifyStatusCode" finished-at="2025-09-12T14:46:05 IST" duration-ms="3030" status="PASS">
          <reporter-output>
          </reporter-output>
        </test-method> <!-- verifyStatusCode -->
      </class> <!-- TestClass -->
    </test> <!-- Default test -->
  </suite> <!-- Default suite -->
</testng-results>
